0 verbose cli C:\Program Files\nodejs\node.exe C:\Program Files\nodejs\node_modules\npm\bin\npm-cli.js
1 info using npm@11.6.2
2 info using node@v24.13.0
3 silly config load:file:C:\Program Files\nodejs\node_modules\npm\npmrc
4 silly config load:file:C:\Users\DEV\Desktop\Monarch mvp\.npmrc
5 silly config load:file:C:\Users\DEV\.npmrc
6 silly config load:file:C:\Users\DEV\AppData\Roaming\npm\etc\npmrc
7 verbose title npm install
8 verbose argv "install"
9 verbose logfile logs-max:10 dir:C:\Users\DEV\Desktop\Monarch mvp\.npm-cache\_logs\2026-04-13T04_37_41_128Z-
10 verbose logfile C:\Users\DEV\Desktop\Monarch mvp\.npm-cache\_logs\2026-04-13T04_37_41_128Z-debug-0.log
11 silly logfile done cleaning log files
12 silly packumentCache heap:4496293888 maxSize:1124073472 maxEntrySize:562036736
13 silly idealTree buildDeps
14 http fetch GET https://registry.npmjs.org/npm attempt 1 failed with EACCES
15 silly reify moves {}
16 silly audit bulk request {
16 silly audit   '@alloc/quick-lru': [ '5.2.0' ],
16 silly audit   '@aws-crypto/crc32': [ '5.2.0' ],
16 silly audit   '@aws-crypto/crc32c': [ '5.2.0' ],
16 silly audit   '@aws-crypto/sha1-browser': [ '5.2.0' ],
16 silly audit   '@smithy/is-array-buffer': [ '2.2.0', '4.2.0' ],
16 silly audit   '@smithy/util-buffer-from': [ '2.2.0', '4.2.0' ],
16 silly audit   '@smithy/util-utf8': [ '2.3.0', '4.2.0' ],
16 silly audit   '@aws-crypto/sha256-browser': [ '5.2.0' ],
16 silly audit   '@aws-crypto/sha256-js': [ '5.2.0' ],
16 silly audit   '@aws-crypto/supports-web-crypto': [ '5.2.0' ],
16 silly audit   '@aws-crypto/util': [ '5.2.0' ],
16 silly audit   '@aws-sdk/client-s3': [ '3.995.0' ],
16 silly audit   '@aws-sdk/client-sso': [ '3.993.0' ],
16 silly audit   '@aws-sdk/util-endpoints': [ '3.993.0', '3.995.0' ],
16 silly audit   '@aws-sdk/core': [ '3.973.11' ],
16 silly audit   '@aws-sdk/crc64-nvme': [ '3.972.0' ],
16 silly audit   '@aws-sdk/credential-provider-env': [ '3.972.9' ],
16 silly audit   '@aws-sdk/credential-provider-http': [ '3.972.11' ],
16 silly audit   '@aws-sdk/credential-provider-ini': [ '3.972.9' ],
16 silly audit   '@aws-sdk/credential-provider-login': [ '3.972.9' ],
16 silly audit   '@aws-sdk/credential-provider-node': [ '3.972.10' ],
16 silly audit   '@aws-sdk/credential-provider-process': [ '3.972.9' ],
16 silly audit   '@aws-sdk/credential-provider-sso': [ '3.972.9' ],
16 silly audit   '@aws-sdk/credential-provider-web-identity': [ '3.972.9' ],
16 silly audit   '@aws-sdk/middleware-bucket-endpoint': [ '3.972.3' ],
16 silly audit   '@aws-sdk/middleware-expect-continue': [ '3.972.3' ],
16 silly audit   '@aws-sdk/middleware-flexible-checksums': [ '3.972.9' ],
16 silly audit   '@aws-sdk/middleware-host-header': [ '3.972.3' ],
16 silly audit   '@aws-sdk/middleware-location-constraint': [ '3.972.3' ],
16 silly audit   '@aws-sdk/middleware-logger': [ '3.972.3' ],
16 silly audit   '@aws-sdk/middleware-recursion-detection': [ '3.972.3' ],
16 silly audit   '@aws-sdk/middleware-sdk-s3': [ '3.972.11' ],
16 silly audit   '@aws-sdk/middleware-ssec': [ '3.972.3' ],
16 silly audit   '@aws-sdk/middleware-user-agent': [ '3.972.11' ],
16 silly audit   '@aws-sdk/nested-clients': [ '3.993.0' ],
16 silly audit   '@aws-sdk/region-config-resolver': [ '3.972.3' ],
16 silly audit   '@aws-sdk/signature-v4-multi-region': [ '3.995.0' ],
16 silly audit   '@aws-sdk/token-providers': [ '3.993.0' ],
16 silly audit   '@aws-sdk/types': [ '3.973.1' ],
16 silly audit   '@aws-sdk/util-arn-parser': [ '3.972.2' ],
16 silly audit   '@aws-sdk/util-locate-window': [ '3.965.4' ],
16 silly audit   '@aws-sdk/util-user-agent-browser': [ '3.972.3' ],
16 silly audit   '@aws-sdk/util-user-agent-node': [ '3.972.10' ],
16 silly audit   '@aws-sdk/xml-builder': [ '3.972.5' ],
16 silly audit   '@aws/lambda-invoke-store': [ '0.2.3' ],
16 silly audit   '@babel/runtime': [ '7.28.6' ],
16 silly audit   '@cspotcode/source-map-support': [ '0.8.1' ],
16 silly audit   '@jridgewell/trace-mapping': [ '0.3.9', '0.3.31' ],
16 silly audit   '@emnapi/core': [ '1.8.1' ],
16 silly audit   '@emnapi/runtime': [ '1.8.1' ],
16 silly audit   '@emnapi/wasi-threads': [ '1.1.0' ],
16 silly audit   '@eslint-community/eslint-utils': [ '4.9.1' ],
16 silly audit   '@eslint-community/regexpp': [ '4.12.2' ],
16 silly audit   '@eslint/eslintrc': [ '2.1.4' ],
16 silly audit   '@eslint/js': [ '8.57.1' ],
16 silly audit   '@humanwhocodes/config-array': [ '0.13.0' ],
16 silly audit   '@humanwhocodes/module-importer': [ '1.0.1' ],
16 silly audit   '@humanwhocodes/object-schema': [ '2.0.3' ],
16 silly audit   '@ioredis/commands': [ '1.5.0' ],
16 silly audit   '@isaacs/cliui': [ '8.0.2' ],
16 silly audit   'ansi-regex': [ '6.2.2', '5.0.1' ],
16 silly audit   'strip-ansi': [ '7.1.2', '6.0.1' ],
16 silly audit   '@jridgewell/gen-mapping': [ '0.3.13' ],
16 silly audit   '@jridgewell/resolve-uri': [ '3.1.2' ],
16 silly audit   '@jridgewell/sourcemap-codec': [ '1.5.5' ],
16 silly audit   '@napi-rs/wasm-runtime': [ '0.2.12' ],
16 silly audit   '@next/env': [ '14.2.18' ],
16 silly audit   '@next/eslint-plugin-next': [ '14.2.18' ],
16 silly audit   '@next/swc-darwin-arm64': [ '14.2.18' ],
16 silly audit   '@next/swc-darwin-x64': [ '14.2.18' ],
16 silly audit   '@next/swc-linux-arm64-gnu': [ '14.2.18' ],
16 silly audit   '@next/swc-linux-arm64-musl': [ '14.2.18' ],
16 silly audit   '@next/swc-linux-x64-gnu': [ '14.2.18' ],
16 silly audit   '@next/swc-linux-x64-musl': [ '14.2.18' ],
16 silly audit   '@next/swc-win32-arm64-msvc': [ '14.2.18' ],
16 silly audit   '@next/swc-win32-ia32-msvc': [ '14.2.18' ],
16 silly audit   '@next/swc-win32-x64-msvc': [ '14.2.18' ],
16 silly audit   '@nodelib/fs.scandir': [ '2.1.5' ],
16 silly audit   '@nodelib/fs.stat': [ '2.0.5' ],
16 silly audit   '@nodelib/fs.walk': [ '1.2.8' ],
16 silly audit   '@nolyfill/is-core-module': [ '1.0.39' ],
16 silly audit   '@panva/hkdf': [ '1.2.1' ],
16 silly audit   '@pkgjs/parseargs': [ '0.11.0' ],
16 silly audit   '@prisma/client': [ '5.22.0' ],
16 silly audit   '@prisma/debug': [ '5.22.0' ],
16 silly audit   '@prisma/engines': [ '5.22.0' ],
16 silly audit   '@prisma/engines-version': [ '5.22.0-44.605197351a3c8bdd595af2d2a9bc3025bca48ea2' ],
16 silly audit   '@prisma/fetch-engine': [ '5.22.0' ],
16 silly audit   '@prisma/get-platform': [ '5.22.0' ],
16 silly audit   '@rtsao/scc': [ '1.1.0' ],
16 silly audit   '@rushstack/eslint-patch': [ '1.16.1' ],
16 silly audit   '@smithy/abort-controller': [ '4.2.8' ],
16 silly audit   '@smithy/chunked-blob-reader': [ '5.2.0' ],
16 silly audit   '@smithy/chunked-blob-reader-native': [ '4.2.1' ],
16 silly audit   '@smithy/config-resolver': [ '4.4.6' ],
16 silly audit   '@smithy/core': [ '3.23.2' ],
16 silly audit   '@smithy/credential-provider-imds': [ '4.2.8' ],
16 silly audit   '@smithy/eventstream-codec': [ '4.2.8' ],
16 silly audit   '@smithy/eventstream-serde-browser': [ '4.2.8' ],
16 silly audit   '@smithy/eventstream-serde-config-resolver': [ '4.3.8' ],
16 silly audit   '@smithy/eventstream-serde-node': [ '4.2.8' ],
16 silly audit   '@smithy/eventstream-serde-universal': [ '4.2.8' ],
16 silly audit   '@smithy/fetch-http-handler': [ '5.3.9' ],
16 silly audit   '@smithy/hash-blob-browser': [ '4.2.9' ],
16 silly audit   '@smithy/hash-node': [ '4.2.8' ],
16 silly audit   '@smithy/hash-stream-node': [ '4.2.8' ],
16 silly audit   '@smithy/invalid-dependency': [ '4.2.8' ],
16 silly audit   '@smithy/md5-js': [ '4.2.8' ],
16 silly audit   '@smithy/middleware-content-length': [ '4.2.8' ],
16 silly audit   '@smithy/middleware-endpoint': [ '4.4.16' ],
16 silly audit   '@smithy/middleware-retry': [ '4.4.33' ],
16 silly audit   '@smithy/middleware-serde': [ '4.2.9' ],
16 silly audit   '@smithy/middleware-stack': [ '4.2.8' ],
16 silly audit   '@smithy/node-config-provider': [ '4.3.8' ],
16 silly audit   '@smithy/node-http-handler': [ '4.4.10' ],
16 silly audit   '@smithy/property-provider': [ '4.2.8' ],
16 silly audit   '@smithy/protocol-http': [ '5.3.8' ],
16 silly audit   '@smithy/querystring-builder': [ '4.2.8' ],
16 silly audit   '@smithy/querystring-parser': [ '4.2.8' ],
16 silly audit   '@smithy/service-error-classification': [ '4.2.8' ],
16 silly audit   '@smithy/shared-ini-file-loader': [ '4.4.3' ],
16 silly audit   '@smithy/signature-v4': [ '5.3.8' ],
16 silly audit   '@smithy/smithy-client': [ '4.11.5' ],
16 silly audit   '@smithy/types': [ '4.12.0' ],
16 silly audit   '@smithy/url-parser': [ '4.2.8' ],
16 silly audit   '@smithy/util-base64': [ '4.3.0' ],
16 silly audit   '@smithy/util-body-length-browser': [ '4.2.0' ],
16 silly audit   '@smithy/util-body-length-node': [ '4.2.1' ],
16 silly audit   '@smithy/util-config-provider': [ '4.2.0' ],
16 silly audit   '@smithy/util-defaults-mode-browser': [ '4.3.32' ],
16 silly audit   '@smithy/util-defaults-mode-node': [ '4.2.35' ],
16 silly audit   '@smithy/util-endpoints': [ '3.2.8' ],
16 silly audit   '@smithy/util-hex-encoding': [ '4.2.0' ],
16 silly audit   '@smithy/util-middleware': [ '4.2.8' ],
16 silly audit   '@smithy/util-retry': [ '4.2.8' ],
16 silly audit   '@smithy/util-stream': [ '4.5.12' ],
16 silly audit   '@smithy/util-uri-escape': [ '4.2.0' ],
16 silly audit   '@smithy/util-waiter': [ '4.2.8' ],
16 silly audit   '@smithy/uuid': [ '1.1.0' ],
16 silly audit   '@swc/counter': [ '0.1.3' ],
16 silly audit   '@swc/helpers': [ '0.5.5' ],
16 silly audit   '@tsconfig/node10': [ '1.0.12' ],
16 silly audit   '@tsconfig/node12': [ '1.0.11' ],
16 silly audit   '@tsconfig/node14': [ '1.0.3' ],
16 silly audit   '@tsconfig/node16': [ '1.0.4' ],
16 silly audit   '@tybys/wasm-util': [ '0.10.1' ],
16 silly audit   '@types/bcryptjs': [ '2.4.6' ],
16 silly audit   '@types/cookie': [ '0.6.0' ],
16 silly audit   '@types/json5': [ '0.0.29' ],
16 silly audit   '@types/jsonwebtoken': [ '9.0.10' ],
16 silly audit   '@types/ms': [ '2.1.0' ],
16 silly audit   '@types/node': [ '20.19.33' ],
16 silly audit   '@types/prop-types': [ '15.7.15' ],
16 silly audit   '@types/react': [ '18.3.28' ],
16 silly audit   '@types/react-dom': [ '18.3.7' ],
16 silly audit   '@typescript-eslint/eslint-plugin': [ '8.56.0' ],
16 silly audit   ignore: [ '7.0.5', '5.3.2' ],
16 silly audit   '@typescript-eslint/parser': [ '8.56.0' ],
16 silly audit   '@typescript-eslint/project-service': [ '8.56.0' ],
16 silly audit   '@typescript-eslint/scope-manager': [ '8.56.0' ],
16 silly audit   '@typescript-eslint/tsconfig-utils': [ '8.56.0' ],
16 silly audit   '@typescript-eslint/type-utils': [ '8.56.0' ],
16 silly audit   '@typescript-eslint/types': [ '8.56.0' ],
16 silly audit   '@typescript-eslint/typescript-estree': [ '8.56.0' ],
16 silly audit   'brace-expansion': [ '2.0.2', '1.1.12' ],
16 silly audit   minimatch: [ '9.0.5', '3.1.2' ],
16 silly audit   '@typescript-eslint/utils': [ '8.56.0' ],
16 silly audit   '@typescript-eslint/visitor-keys': [ '8.56.0' ],
16 silly audit   'eslint-visitor-keys': [ '5.0.1', '3.4.3' ],
16 silly audit   '@ungap/structured-clone': [ '1.3.0' ],
16 silly audit   '@unrs/resolver-binding-android-arm-eabi': [ '1.11.1' ],
16 silly audit   '@unrs/resolver-binding-android-arm64': [ '1.11.1' ],
16 silly audit   '@unrs/resolver-binding-darwin-arm64': [ '1.11.1' ],
16 silly audit   '@unrs/resolver-binding-darwin-x64': [ '1.11.1' ],
16 silly audit   '@unrs/resolver-binding-freebsd-x64': [ '1.11.1' ],
16 silly audit   '@unrs/resolver-binding-linux-arm-gnueabihf': [ '1.11.1' ],
16 silly audit   '@unrs/resolver-binding-linux-arm-musleabihf': [ '1.11.1' ],
16 silly audit   '@unrs/resolver-binding-linux-arm64-gnu': [ '1.11.1' ],
16 silly audit   '@unrs/resolver-binding-linux-arm64-musl': [ '1.11.1' ],
16 silly audit   '@unrs/resolver-binding-linux-ppc64-gnu': [ '1.11.1' ],
16 silly audit   '@unrs/resolver-binding-linux-riscv64-gnu': [ '1.11.1' ],
16 silly audit   '@unrs/resolver-binding-linux-riscv64-musl': [ '1.11.1' ],
16 silly audit   '@unrs/resolver-binding-linux-s390x-gnu': [ '1.11.1' ],
16 silly audit   '@unrs/resolver-binding-linux-x64-gnu': [ '1.11.1' ],
16 silly audit   '@unrs/resolver-binding-linux-x64-musl': [ '1.11.1' ],
16 silly audit   '@unrs/resolver-binding-wasm32-wasi': [ '1.11.1' ],
16 silly audit   '@unrs/resolver-binding-win32-arm64-msvc': [ '1.11.1' ],
16 silly audit   '@unrs/resolver-binding-win32-ia32-msvc': [ '1.11.1' ],
16 silly audit   '@unrs/resolver-binding-win32-x64-msvc': [ '1.11.1' ],
16 silly audit   acorn: [ '8.16.0' ],
16 silly audit   'acorn-jsx': [ '5.3.2' ],
16 silly audit   'acorn-walk': [ '8.3.5' ],
16 silly audit   ajv: [ '6.14.0' ],
16 silly audit   'ansi-styles': [ '4.3.0', '6.2.3' ],
16 silly audit   'any-promise': [ '1.3.0' ],
16 silly audit   anymatch: [ '3.1.3' ],
16 silly audit   arg: [ '5.0.2', '4.1.3' ],
16 silly audit   argparse: [ '2.0.1' ],
16 silly audit   'aria-query': [ '5.3.2' ],
16 silly audit   'array-buffer-byte-length': [ '1.0.2' ],
16 silly audit   'array-includes': [ '3.1.9' ],
16 silly audit   'array.prototype.findlast': [ '1.2.5' ],
16 silly audit   'array.prototype.findlastindex': [ '1.2.6' ],
16 silly audit   'array.prototype.flat': [ '1.3.3' ],
16 silly audit   'array.prototype.flatmap': [ '1.3.3' ],
16 silly audit   'array.prototype.tosorted': [ '1.1.4' ],
16 silly audit   'arraybuffer.prototype.slice': [ '1.0.4' ],
16 silly audit   'ast-types-flow': [ '0.0.8' ],
16 silly audit   'async-function': [ '1.0.0' ],
16 silly audit   'available-typed-arrays': [ '1.0.7' ],
16 silly audit   'axe-core': [ '4.11.1' ],
16 silly audit   'axobject-query': [ '4.1.0' ],
16 silly audit   'balanced-match': [ '1.0.2' ],
16 silly audit   bcryptjs: [ '3.0.3' ],
16 silly audit   'binary-extensions': [ '2.3.0' ],
16 silly audit   bowser: [ '2.14.1' ],
16 silly audit   braces: [ '3.0.3' ],
16 silly audit   'buffer-equal-constant-time': [ '1.0.1' ],
16 silly audit   busboy: [ '1.6.0' ],
16 silly audit   'call-bind': [ '1.0.8' ],
16 silly audit   'call-bind-apply-helpers': [ '1.0.2' ],
16 silly audit   'call-bound': [ '1.0.4' ],
16 silly audit   callsites: [ '3.1.0' ],
16 silly audit   'camelcase-css': [ '2.0.1' ],
16 silly audit   'caniuse-lite': [ '1.0.30001770' ],
16 silly audit   chalk: [ '4.1.2' ],
16 silly audit   chokidar: [ '3.6.0' ],
16 silly audit   'glob-parent': [ '5.1.2', '6.0.2' ],
16 silly audit   'client-only': [ '0.0.1' ],
16 silly audit   clsx: [ '2.1.1' ],
16 silly audit   'cluster-key-slot': [ '1.1.2' ],
16 silly audit   'color-convert': [ '2.0.1' ],
16 silly audit   'color-name': [ '1.1.4' ],
16 silly audit   commander: [ '4.1.1' ],
16 silly audit   'concat-map': [ '0.0.1' ],
16 silly audit   cookie: [ '1.1.1', '0.7.2' ],
16 silly audit   'create-require': [ '1.1.1' ],
16 silly audit   'cross-spawn': [ '7.0.6' ],
16 silly audit   cssesc: [ '3.0.0' ],
16 silly audit   csstype: [ '3.2.3' ],
16 silly audit   'damerau-levenshtein': [ '1.0.8' ],
16 silly audit   'data-view-buffer': [ '1.0.2' ],
16 silly audit   'data-view-byte-length': [ '1.0.2' ],
16 silly audit   'data-view-byte-offset': [ '1.0.1' ],
16 silly audit   debug: [ '4.4.3', '3.2.7' ],
16 silly audit   'deep-is': [ '0.1.4' ],
16 silly audit   'define-data-property': [ '1.1.4' ],
16 silly audit   'define-properties': [ '1.2.1' ],
16 silly audit   denque: [ '2.1.0' ],
16 silly audit   didyoumean: [ '1.2.2' ],
16 silly audit   diff: [ '4.0.4' ],
16 silly audit   dlv: [ '1.1.3' ],
16 silly audit   doctrine: [ '3.0.0', '2.1.0' ],
16 silly audit   'dunder-proto': [ '1.0.1' ],
16 silly audit   eastasianwidth: [ '0.2.0' ],
16 silly audit   'ecdsa-sig-formatter': [ '1.0.11' ],
16 silly audit   'emoji-regex': [ '9.2.2', '8.0.0' ],
16 silly audit   'es-abstract': [ '1.24.1' ],
16 silly audit   'es-define-property': [ '1.0.1' ],
16 silly audit   'es-errors': [ '1.3.0' ],
16 silly audit   'es-iterator-helpers': [ '1.2.2' ],
16 silly audit   'es-object-atoms': [ '1.1.1' ],
16 silly audit   'es-set-tostringtag': [ '2.1.0' ],
16 silly audit   'es-shim-unscopables': [ '1.1.0' ],
16 silly audit   'es-to-primitive': [ '1.3.0' ],
16 silly audit   'escape-string-regexp': [ '4.0.0' ],
16 silly audit   eslint: [ '8.57.1' ],
16 silly audit   'eslint-config-next': [ '14.2.18' ],
16 silly audit   'eslint-import-resolver-node': [ '0.3.9' ],
16 silly audit   'eslint-import-resolver-typescript': [ '3.10.1' ],
16 silly audit   'eslint-module-utils': [ '2.12.1' ],
16 silly audit   'eslint-plugin-import': [ '2.32.0' ],
16 silly audit   semver: [ '6.3.1', '7.7.4' ],
16 silly audit   'eslint-plugin-jsx-a11y': [ '6.10.2' ],
16 silly audit   'eslint-plugin-react': [ '7.37.5' ],
16 silly audit   'eslint-plugin-react-hooks': [ '5.0.0-canary-7118f5dd7-20230705' ],
16 silly audit   resolve: [ '2.0.0-next.6', '1.22.11' ],
16 silly audit   'eslint-scope': [ '7.2.2' ],
16 silly audit   espree: [ '9.6.1' ],
16 silly audit   esquery: [ '1.7.0' ],
16 silly audit   esrecurse: [ '4.3.0' ],
16 silly audit   estraverse: [ '5.3.0' ],
16 silly audit   esutils: [ '2.0.3' ],
16 silly audit   'fast-deep-equal': [ '3.1.3' ],
16 silly audit   'fast-glob': [ '3.3.3' ],
16 silly audit   'fast-json-stable-stringify': [ '2.1.0' ],
16 silly audit   'fast-levenshtein': [ '2.0.6' ],
16 silly audit   'fast-xml-parser': [ '5.3.6' ],
16 silly audit   fastq: [ '1.20.1' ],
16 silly audit   'file-entry-cache': [ '6.0.1' ],
16 silly audit   'fill-range': [ '7.1.1' ],
16 silly audit   'find-up': [ '5.0.0' ],
16 silly audit   'flat-cache': [ '3.2.0' ],
16 silly audit   flatted: [ '3.3.3' ],
16 silly audit   'for-each': [ '0.3.5' ],
16 silly audit   'foreground-child': [ '3.3.1' ],
16 silly audit   'framer-motion': [ '12.34.3' ],
16 silly audit   'fs.realpath': [ '1.0.0' ],
16 silly audit   fsevents: [ '2.3.3' ],
16 silly audit   'function-bind': [ '1.1.2' ],
16 silly audit   'function.prototype.name': [ '1.1.8' ],
16 silly audit   'functions-have-names': [ '1.2.3' ],
16 silly audit   'generator-function': [ '2.0.1' ],
16 silly audit   'get-intrinsic': [ '1.3.0' ],
16 silly audit   'get-proto': [ '1.0.1' ],
16 silly audit   'get-symbol-description': [ '1.1.0' ],
16 silly audit   'get-tsconfig': [ '4.13.6' ],
16 silly audit   glob: [ '10.3.10', '7.2.3' ],
16 silly audit   globals: [ '13.24.0' ],
16 silly audit   globalthis: [ '1.0.4' ],
16 silly audit   gopd: [ '1.2.0' ],
16 silly audit   'graceful-fs': [ '4.2.11' ],
16 silly audit   graphemer: [ '1.4.0' ],
16 silly audit   'has-bigints': [ '1.1.0' ],
16 silly audit   'has-flag': [ '4.0.0' ],
16 silly audit   'has-property-descriptors': [ '1.0.2' ],
16 silly audit   'has-proto': [ '1.2.0' ],
16 silly audit   'has-symbols': [ '1.1.0' ],
16 silly audit   'has-tostringtag': [ '1.0.2' ],
16 silly audit   hasown: [ '2.0.2' ],
16 silly audit   'import-fresh': [ '3.3.1' ],
16 silly audit   imurmurhash: [ '0.1.4' ],
16 silly audit   inflight: [ '1.0.6' ],
16 silly audit   inherits: [ '2.0.4' ],
16 silly audit   'internal-slot': [ '1.1.0' ],
16 silly audit   ioredis: [ '5.9.3' ],
16 silly audit   'is-array-buffer': [ '3.0.5' ],
16 silly audit   'is-async-function': [ '2.1.1' ],
16 silly audit   'is-bigint': [ '1.1.0' ],
16 silly audit   'is-binary-path': [ '2.1.0' ],
16 silly audit   'is-boolean-object': [ '1.2.2' ],
16 silly audit   'is-bun-module': [ '2.0.0' ],
16 silly audit   'is-callable': [ '1.2.7' ],
16 silly audit   'is-core-module': [ '2.16.1' ],
16 silly audit   'is-data-view': [ '1.0.2' ],
16 silly audit   'is-date-object': [ '1.1.0' ],
16 silly audit   'is-extglob': [ '2.1.1' ],
16 silly audit   'is-finalizationregistry': [ '1.1.1' ],
16 silly audit   'is-fullwidth-code-point': [ '3.0.0' ],
16 silly audit   'is-generator-function': [ '1.1.2' ],
16 silly audit   'is-glob': [ '4.0.3' ],
16 silly audit   'is-map': [ '2.0.3' ],
16 silly audit   'is-negative-zero': [ '2.0.3' ],
16 silly audit   'is-number': [ '7.0.0' ],
16 silly audit   'is-number-object': [ '1.1.1' ],
16 silly audit   'is-path-inside': [ '3.0.3' ],
16 silly audit   'is-regex': [ '1.2.1' ],
16 silly audit   'is-set': [ '2.0.3' ],
16 silly audit   'is-shared-array-buffer': [ '1.0.4' ],
16 silly audit   'is-string': [ '1.1.1' ],
16 silly audit   'is-symbol': [ '1.1.1' ],
16 silly audit   'is-typed-array': [ '1.1.15' ],
16 silly audit   'is-weakmap': [ '2.0.2' ],
16 silly audit   'is-weakref': [ '1.1.1' ],
16 silly audit   'is-weakset': [ '2.0.4' ],
16 silly audit   isarray: [ '2.0.5' ],
16 silly audit   isexe: [ '2.0.0' ],
16 silly audit   'iterator.prototype': [ '1.1.5' ],
16 silly audit   jackspeak: [ '2.3.6' ],
16 silly audit   jiti: [ '1.21.7' ],
16 silly audit   jose: [ '4.15.9' ],
16 silly audit   'js-tokens': [ '4.0.0' ],
16 silly audit   'js-yaml': [ '4.1.1' ],
16 silly audit   'json-buffer': [ '3.0.1' ],
16 silly audit   'json-schema-traverse': [ '0.4.1' ],
16 silly audit   'json-stable-stringify-without-jsonify': [ '1.0.1' ],
16 silly audit   json5: [ '1.0.2' ],
16 silly audit   jsonwebtoken: [ '9.0.3' ],
16 silly audit   'jsx-ast-utils': [ '3.3.5' ],
16 silly audit   jwa: [ '2.0.1' ],
16 silly audit   jws: [ '4.0.1' ],
16 silly audit   keyv: [ '4.5.4' ],
16 silly audit   'language-subtag-registry': [ '0.3.23' ],
16 silly audit   'language-tags': [ '1.0.9' ],
16 silly audit   levn: [ '0.4.1' ],
16 silly audit   lilconfig: [ '3.1.3' ],
16 silly audit   'lines-and-columns': [ '1.2.4' ],
16 silly audit   'locate-path': [ '6.0.0' ],
16 silly audit   'lodash.defaults': [ '4.2.0' ],
16 silly audit   'lodash.includes': [ '4.3.0' ],
16 silly audit   'lodash.isarguments': [ '3.1.0' ],
16 silly audit   'lodash.isboolean': [ '3.0.3' ],
16 silly audit   'lodash.isinteger': [ '4.0.4' ],
16 silly audit   'lodash.isnumber': [ '3.0.3' ],
16 silly audit   'lodash.isplainobject': [ '4.0.6' ],
16 silly audit   'lodash.isstring': [ '4.0.1' ],
16 silly audit   'lodash.merge': [ '4.6.2' ],
16 silly audit   'lodash.once': [ '4.1.1' ],
16 silly audit   'loose-envify': [ '1.4.0' ],
16 silly audit   'lru-cache': [ '10.4.3', '6.0.0' ],
16 silly audit   'lucide-react': [ '0.575.0' ],
16 silly audit   'make-error': [ '1.3.6' ],
16 silly audit   'math-intrinsics': [ '1.1.0' ],
16 silly audit   merge2: [ '1.4.1' ],
16 silly audit   micromatch: [ '4.0.8' ],
16 silly audit   minimist: [ '1.2.8' ],
16 silly audit   minipass: [ '7.1.3' ],
16 silly audit   'motion-dom': [ '12.34.3' ],
16 silly audit   'motion-utils': [ '12.29.2' ],
16 silly audit   ms: [ '2.1.3' ],
16 silly audit   mz: [ '2.7.0' ],
16 silly audit   nanoid: [ '3.3.11' ],
16 silly audit   'napi-postinstall': [ '0.3.4' ],
16 silly audit   'natural-compare': [ '1.4.0' ],
16 silly audit   next: [ '14.2.18' ],
16 silly audit   'next-auth': [ '4.24.13' ],
16 silly audit   postcss: [ '8.4.31', '8.5.6' ],
16 silly audit   'node-exports-info': [ '1.6.0' ],
16 silly audit   'normalize-path': [ '3.0.0' ],
16 silly audit   oauth: [ '0.9.15' ],
16 silly audit   'object-assign': [ '4.1.1' ],
16 silly audit   'object-hash': [ '3.0.0', '2.2.0' ],
16 silly audit   'object-inspect': [ '1.13.4' ],
16 silly audit   'object-keys': [ '1.1.1' ],
16 silly audit   'object.assign': [ '4.1.7' ],
16 silly audit   'object.entries': [ '1.1.9' ],
16 silly audit   'object.fromentries': [ '2.0.8' ],
16 silly audit   'object.groupby': [ '1.0.3' ],
16 silly audit   'object.values': [ '1.2.1' ],
16 silly audit   'oidc-token-hash': [ '5.2.0' ],
16 silly audit   once: [ '1.4.0' ],
16 silly audit   'openid-client': [ '5.7.1' ],
16 silly audit   optionator: [ '0.9.4' ],
16 silly audit   'own-keys': [ '1.0.1' ],
16 silly audit   'p-limit': [ '3.1.0' ],
16 silly audit   'p-locate': [ '5.0.0' ],
16 silly audit   'parent-module': [ '1.0.1' ],
16 silly audit   'path-exists': [ '4.0.0' ],
16 silly audit   'path-is-absolute': [ '1.0.1' ],
16 silly audit   'path-key': [ '3.1.1' ],
16 silly audit   'path-parse': [ '1.0.7' ],
16 silly audit   'path-scurry': [ '1.11.1' ],
16 silly audit   picocolors: [ '1.1.1' ],
16 silly audit   picomatch: [ '2.3.1', '4.0.3' ],
16 silly audit   pify: [ '2.3.0' ],
16 silly audit   pirates: [ '4.0.7' ],
16 silly audit   'possible-typed-array-names': [ '1.1.0' ],
16 silly audit   'postcss-import': [ '15.1.0' ],
16 silly audit   'postcss-js': [ '4.1.0' ],
16 silly audit   'postcss-load-config': [ '6.0.1' ],
16 silly audit   'postcss-nested': [ '6.2.0' ],
16 silly audit   'postcss-selector-parser': [ '6.1.2' ],
16 silly audit   'postcss-value-parser': [ '4.2.0' ],
16 silly audit   preact: [ '10.28.4' ],
16 silly audit   'preact-render-to-string': [ '5.2.6' ],
16 silly audit   'prelude-ls': [ '1.2.1' ],
16 silly audit   'pretty-format': [ '3.8.0' ],
16 silly audit   prisma: [ '5.22.0' ],
16 silly audit   'prop-types': [ '15.8.1' ],
16 silly audit   punycode: [ '2.3.1' ],
16 silly audit   'queue-microtask': [ '1.2.3' ],
16 silly audit   react: [ '18.3.1' ],
16 silly audit   'react-dom': [ '18.3.1' ],
16 silly audit   'react-is': [ '16.13.1' ],
16 silly audit   'read-cache': [ '1.0.0' ],
16 silly audit   readdirp: [ '3.6.0' ],
16 silly audit   'redis-errors': [ '1.2.0' ],
16 silly audit   'redis-parser': [ '3.0.0' ],
16 silly audit   'reflect.getprototypeof': [ '1.0.10' ],
16 silly audit   'regexp.prototype.flags': [ '1.5.4' ],
16 silly audit   'resolve-from': [ '4.0.0' ],
16 silly audit   'resolve-pkg-maps': [ '1.0.0' ],
16 silly audit   reusify: [ '1.1.0' ],
16 silly audit   rimraf: [ '3.0.2' ],
16 silly audit   'run-parallel': [ '1.2.0' ],
16 silly audit   'safe-array-concat': [ '1.1.3' ],
16 silly audit   'safe-buffer': [ '5.2.1' ],
16 silly audit   'safe-push-apply': [ '1.0.0' ],
16 silly audit   'safe-regex-test': [ '1.1.0' ],
16 silly audit   scheduler: [ '0.23.2' ],
16 silly audit   'set-function-length': [ '1.2.2' ],
16 silly audit   'set-function-name': [ '2.0.2' ],
16 silly audit   'set-proto': [ '1.0.0' ],
16 silly audit   'shebang-command': [ '2.0.0' ],
16 silly audit   'shebang-regex': [ '3.0.0' ],
16 silly audit   'side-channel': [ '1.1.0' ],
16 silly audit   'side-channel-list': [ '1.0.0' ],
16 silly audit   'side-channel-map': [ '1.0.1' ],
16 silly audit   'side-channel-weakmap': [ '1.0.2' ],
16 silly audit   'signal-exit': [ '4.1.0' ],
16 silly audit   'source-map-js': [ '1.2.1' ],
16 silly audit   'stable-hash': [ '0.0.5' ],
16 silly audit   'standard-as-callback': [ '2.1.0' ],
16 silly audit   'stop-iteration-iterator': [ '1.1.0' ],
16 silly audit   streamsearch: [ '1.1.0' ],
16 silly audit   'string-width': [ '5.1.2', '4.2.3' ],
16 silly audit   'string.prototype.includes': [ '2.0.1' ],
16 silly audit   'string.prototype.matchall': [ '4.0.12' ],
16 silly audit   'string.prototype.repeat': [ '1.0.0' ],
16 silly audit   'string.prototype.trim': [ '1.2.10' ],
16 silly audit   'string.prototype.trimend': [ '1.0.9' ],
16 silly audit   'string.prototype.trimstart': [ '1.0.8' ],
16 silly audit   'strip-bom': [ '3.0.0' ],
16 silly audit   'strip-json-comments': [ '3.1.1' ],
16 silly audit   stripe: [ '20.3.1' ],
16 silly audit   strnum: [ '2.1.2' ],
16 silly audit   'styled-jsx': [ '5.1.1' ],
16 silly audit   sucrase: [ '3.35.1' ],
16 silly audit   'supports-color': [ '7.2.0' ],
16 silly audit   'supports-preserve-symlinks-flag': [ '1.0.0' ],
16 silly audit   'tailwind-merge': [ '3.5.0' ],
16 silly audit   tailwindcss: [ '3.4.19' ],
16 silly audit   'text-table': [ '0.2.0' ],
16 silly audit   thenify: [ '3.3.1' ],
16 silly audit   'thenify-all': [ '1.6.0' ],
16 silly audit   tinyglobby: [ '0.2.15' ],
16 silly audit   fdir: [ '6.5.0' ],
16 silly audit   'to-regex-range': [ '5.0.1' ],
16 silly audit   'ts-api-utils': [ '2.4.0' ],
16 silly audit   'ts-interface-checker': [ '0.1.13' ],
16 silly audit   'ts-node': [ '10.9.2' ],
16 silly audit   'tsconfig-paths': [ '3.15.0' ],
16 silly audit   tslib: [ '2.8.1' ],
16 silly audit   'type-check': [ '0.4.0' ],
16 silly audit   'type-fest': [ '0.20.2' ],
16 silly audit   'typed-array-buffer': [ '1.0.3' ],
16 silly audit   'typed-array-byte-length': [ '1.0.3' ],
16 silly audit   'typed-array-byte-offset': [ '1.0.4' ],
16 silly audit   'typed-array-length': [ '1.0.7' ],
16 silly audit   typescript: [ '5.9.3' ],
16 silly audit   'unbox-primitive': [ '1.1.0' ],
16 silly audit   'undici-types': [ '6.21.0' ],
16 silly audit   'unrs-resolver': [ '1.11.1' ],
16 silly audit   'uri-js': [ '4.4.1' ],
16 silly audit   'util-deprecate': [ '1.0.2' ],
16 silly audit   uuid: [ '8.3.2' ],
16 silly audit   'v8-compile-cache-lib': [ '3.0.1' ],
16 silly audit   which: [ '2.0.2' ],
16 silly audit   'which-boxed-primitive': [ '1.1.1' ],
16 silly audit   'which-builtin-type': [ '1.2.1' ],
16 silly audit   'which-collection': [ '1.0.2' ],
16 silly audit   'which-typed-array': [ '1.1.20' ],
16 silly audit   'word-wrap': [ '1.2.5' ],
16 silly audit   'wrap-ansi': [ '8.1.0', '7.0.0' ],
16 silly audit   wrappy: [ '1.0.2' ],
16 silly audit   yallist: [ '4.0.0' ],
16 silly audit   yn: [ '3.1.1' ],
16 silly audit   'yocto-queue': [ '0.1.0' ],
16 silly audit   zod: [ '4.3.6' ]
16 silly audit }
17 verbose audit error FetchError: request to https://registry.npmjs.org/-/npm/v1/security/advisories/bulk failed, reason: 
17 verbose audit error     at ClientRequest.<anonymous> (C:\Program Files\nodejs\node_modules\npm\node_modules\minipass-fetch\lib\index.js:130:14)
17 verbose audit error     at ClientRequest.emit (node:events:508:28)
17 verbose audit error     at emitErrorEvent (node:_http_client:108:11)
17 verbose audit error     at _destroy (node:_http_client:962:9)
17 verbose audit error     at onSocketNT (node:_http_client:982:5)
17 verbose audit error     at process.processTicksAndRejections (node:internal/process/task_queues:90:21) {
17 verbose audit error   code: 'EACCES',
17 verbose audit error   errno: 'EACCES',
17 verbose audit error   type: 'system'
17 verbose audit error }
18 silly audit error undefined
19 silly audit report null
20 verbose stack Error: command failed
20 verbose stack     at promiseSpawn (C:\Program Files\nodejs\node_modules\npm\node_modules\@npmcli\promise-spawn\lib\index.js:22:22)
20 verbose stack     at spawnWithShell (C:\Program Files\nodejs\node_modules\npm\node_modules\@npmcli\promise-spawn\lib\index.js:124:10)
20 verbose stack     at promiseSpawn (C:\Program Files\nodejs\node_modules\npm\node_modules\@npmcli\promise-spawn\lib\index.js:12:12)
20 verbose stack     at runScriptPkg (C:\Program Files\nodejs\node_modules\npm\node_modules\@npmcli\run-script\lib\run-script-pkg.js:79:13)
20 verbose stack     at runScript (C:\Program Files\nodejs\node_modules\npm\node_modules\@npmcli\run-script\lib\run-script.js:12:10)
20 verbose stack     at async Install.exec (C:\Program Files\nodejs\node_modules\npm\lib\commands\install.js:163:9)
20 verbose stack     at async Npm.exec (C:\Program Files\nodejs\node_modules\npm\lib\npm.js:208:9)
20 verbose stack     at async module.exports (C:\Program Files\nodejs\node_modules\npm\lib\cli\entry.js:67:5)
21 verbose pkgid monarch-v1@0.1.0
22 error code 1
23 error path C:\Users\DEV\Desktop\Monarch mvp
24 error command failed
25 error command C:\Windows\system32\cmd.exe /d /s /c prisma generate
26 verbose cwd C:\Users\DEV\Desktop\Monarch mvp
27 verbose os Windows_NT 10.0.26200
28 verbose node v24.13.0
29 verbose npm  v11.6.2
30 verbose exit 1
31 verbose code 1
32 error A complete log of this run can be found in: C:\Users\DEV\Desktop\Monarch mvp\.npm-cache\_logs\2026-04-13T04_37_41_128Z-debug-0.log
